2014/03/21 13:55:09 [error] [exception.CHttpException.404] exception 'CHttpException' with message '无法解析请求 "favicon.ico"。' in D:\xampp\htdocs\wwwroot\www.yii.local\framework\web\CWebApplication.php:286
Stack trace:
#0 D:\xampp\htdocs\wwwroot\www.yii.local\framework\web\CWebApplication.php(141): CWebApplication->runController('favicon.ico')
#1 D:\xampp\htdocs\wwwroot\www.yii.local\framework\base\CApplication.php(180): CWebApplication->processRequest()
#2 D:\xampp\htdocs\wwwroot\www.yii.local\index.php(14): CApplication->run()
#3 {main}
REQUEST_URI=/favicon.ico
---
2014/03/21 13:55:34 [error] [exception.CException] exception 'CException' with message 'Asset文件 "D:\xampp\htdocs\wwwroot\www.yii.local\protected\widget\kindeditor\assets" 不存在.' in D:\xampp\htdocs\wwwroot\www.yii.local\framework\web\CAssetManager.php:257
Stack trace:
#0 D:\xampp\htdocs\wwwroot\www.yii.local\protected\widget\kindeditor\KindEditor.php(24): CAssetManager->publish('D:\xampp\htdocs...')
#1 D:\xampp\htdocs\wwwroot\www.yii.local\protected\widget\kindeditor\KindEditor.php(154): KindEditor->getAssetsPath()
#2 D:\xampp\htdocs\wwwroot\www.yii.local\framework\web\CBaseController.php(173): KindEditor->run()
#3 D:\xampp\htdocs\wwwroot\www.yii.local\protected\modules\admin\views\post\_post_form.php(84): CBaseController->widget('application.wid...', Array)
#4 D:\xampp\htdocs\wwwroot\www.yii.local\framework\web\CBaseController.php(126): require('D:\xampp\htdocs...')
#5 D:\xampp\htdocs\wwwroot\www.yii.local\framework\web\CBaseController.php(95): CBaseController->renderInternal('D:\xampp\htdocs...', Array, true)
#6 D:\xampp\htdocs\wwwroot\www.yii.local\framework\web\CController.php(869): CBaseController->renderFile('D:\xampp\htdocs...', Array, true)
#7 D:\xampp\htdocs\wwwroot\www.yii.local\protected\modules\admin\views\post\update.php(12): CController->renderPartial('_post_form', Array)
#8 D:\xampp\htdocs\wwwroot\www.yii.local\framework\web\CBaseController.php(126): require('D:\xampp\htdocs...')
#9 D:\xampp\htdocs\wwwroot\www.yii.local\framework\web\CBaseController.php(95): CBaseController->renderInternal('D:\xampp\htdocs...', Array, true)
#10 D:\xampp\htdocs\wwwroot\www.yii.local\framework\web\CController.php(869): CBaseController->renderFile('D:\xampp\htdocs...', Array, true)
#11 D:\xampp\htdocs\wwwroot\www.yii.local\framework\web\CController.php(782): CController->renderPartial('update', Array, true)
#12 D:\xampp\htdocs\wwwroot\www.yii.local\protected\modules\admin\controllers\PostController.php(172): CController->render('update', Array)
#13 [internal function]: PostController->actionUpdate('18')
#14 D:\xampp\htdocs\wwwroot\www.yii.local\framework\web\actions\CAction.php(108): ReflectionMethod->invokeArgs(Object(PostController), Array)
#15 D:\xampp\htdocs\wwwroot\www.yii.local\framework\web\actions\CInlineAction.php(47): CAction->runWithParamsInternal(Object(PostController), Object(ReflectionMethod), Array)
#16 D:\xampp\htdocs\wwwroot\www.yii.local\framework\web\CController.php(308): CInlineAction->runWithParams(Array)
#17 D:\xampp\htdocs\wwwroot\www.yii.local\framework\web\CController.php(286): CController->runAction(Object(CInlineAction))
#18 D:\xampp\htdocs\wwwroot\www.yii.local\framework\web\CController.php(265): CController->runActionWithFilters(Object(CInlineAction), Array)
#19 D:\xampp\htdocs\wwwroot\www.yii.local\framework\web\CWebApplication.php(282): CController->run('update')
#20 D:\xampp\htdocs\wwwroot\www.yii.local\framework\web\CWebApplication.php(141): CWebApplication->runController('admin/post/upda...')
#21 D:\xampp\htdocs\wwwroot\www.yii.local\framework\base\CApplication.php(180): CWebApplication->processRequest()
#22 D:\xampp\htdocs\wwwroot\www.yii.local\index.php(14): CApplication->run()
#23 {main}
REQUEST_URI=/admin/post/update/id/18.htm
HTTP_REFERER=http://www.yii.local/admin/post/index.htm
---
2014/03/21 13:56:10 [error] [exception.CHttpException.404] exception 'CHttpException' with message '无法解析请求 "assets/5506c2ae/themes/default/default.css"。' in D:\xampp\htdocs\wwwroot\www.yii.local\framework\web\CWebApplication.php:286
Stack trace:
#0 D:\xampp\htdocs\wwwroot\www.yii.local\framework\web\CWebApplication.php(141): CWebApplication->runController('assets/5506c2ae...')
#1 D:\xampp\htdocs\wwwroot\www.yii.local\framework\base\CApplication.php(180): CWebApplication->processRequest()
#2 D:\xampp\htdocs\wwwroot\www.yii.local\index.php(14): CApplication->run()
#3 {main}
REQUEST_URI=/assets/5506c2ae/themes/default/default.css
HTTP_REFERER=http://www.yii.local/admin/post/update/id/18.htm
---
2014/03/21 13:56:10 [error] [exception.CHttpException.404] exception 'CHttpException' with message '无法解析请求 "assets/5506c2ae/kindeditor-min.js"。' in D:\xampp\htdocs\wwwroot\www.yii.local\framework\web\CWebApplication.php:286
Stack trace:
#0 D:\xampp\htdocs\wwwroot\www.yii.local\framework\web\CWebApplication.php(141): CWebApplication->runController('assets/5506c2ae...')
#1 D:\xampp\htdocs\wwwroot\www.yii.local\framework\base\CApplication.php(180): CWebApplication->processRequest()
#2 D:\xampp\htdocs\wwwroot\www.yii.local\index.php(14): CApplication->run()
#3 {main}
REQUEST_URI=/assets/5506c2ae/kindeditor-min.js
HTTP_REFERER=http://www.yii.local/admin/post/update/id/18.htm
---
2014/03/21 13:56:10 [error] [exception.CHttpException.404] exception 'CHttpException' with message '无法解析请求 "assets/5506c2ae/lang/zh_CN.js"。' in D:\xampp\htdocs\wwwroot\www.yii.local\framework\web\CWebApplication.php:286
Stack trace:
#0 D:\xampp\htdocs\wwwroot\www.yii.local\framework\web\CWebApplication.php(141): CWebApplication->runController('assets/5506c2ae...')
#1 D:\xampp\htdocs\wwwroot\www.yii.local\framework\base\CApplication.php(180): CWebApplication->processRequest()
#2 D:\xampp\htdocs\wwwroot\www.yii.local\index.php(14): CApplication->run()
#3 {main}
REQUEST_URI=/assets/5506c2ae/lang/zh_CN.js
HTTP_REFERER=http://www.yii.local/admin/post/update/id/18.htm
---
2014/03/21 13:56:11 [error] [exception.CHttpException.404] exception 'CHttpException' with message '无法解析请求 "assets/5506c2ae/kindeditor-min.js"。' in D:\xampp\htdocs\wwwroot\www.yii.local\framework\web\CWebApplication.php:286
Stack trace:
#0 D:\xampp\htdocs\wwwroot\www.yii.local\framework\web\CWebApplication.php(141): CWebApplication->runController('assets/5506c2ae...')
#1 D:\xampp\htdocs\wwwroot\www.yii.local\framework\base\CApplication.php(180): CWebApplication->processRequest()
#2 D:\xampp\htdocs\wwwroot\www.yii.local\index.php(14): CApplication->run()
#3 {main}
REQUEST_URI=/assets/5506c2ae/kindeditor-min.js
HTTP_REFERER=http://www.yii.local/admin/post/update/id/18.htm
---
2014/03/21 13:56:11 [error] [exception.CHttpException.404] exception 'CHttpException' with message '无法解析请求 "assets/5506c2ae/lang/zh_CN.js"。' in D:\xampp\htdocs\wwwroot\www.yii.local\framework\web\CWebApplication.php:286
Stack trace:
#0 D:\xampp\htdocs\wwwroot\www.yii.local\framework\web\CWebApplication.php(141): CWebApplication->runController('assets/5506c2ae...')
#1 D:\xampp\htdocs\wwwroot\www.yii.local\framework\base\CApplication.php(180): CWebApplication->processRequest()
#2 D:\xampp\htdocs\wwwroot\www.yii.local\index.php(14): CApplication->run()
#3 {main}
REQUEST_URI=/assets/5506c2ae/lang/zh_CN.js
HTTP_REFERER=http://www.yii.local/admin/post/update/id/18.htm
---
2014/03/21 13:56:17 [error] [exception.CHttpException.404] exception 'CHttpException' with message '无法解析请求 "assets/5506c2ae/themes/default/default.css"。' in D:\xampp\htdocs\wwwroot\www.yii.local\framework\web\CWebApplication.php:286
Stack trace:
#0 D:\xampp\htdocs\wwwroot\www.yii.local\framework\web\CWebApplication.php(141): CWebApplication->runController('assets/5506c2ae...')
#1 D:\xampp\htdocs\wwwroot\www.yii.local\framework\base\CApplication.php(180): CWebApplication->processRequest()
#2 D:\xampp\htdocs\wwwroot\www.yii.local\index.php(14): CApplication->run()
#3 {main}
REQUEST_URI=/assets/5506c2ae/themes/default/default.css
HTTP_REFERER=http://www.yii.local/admin/post/update/id/18.htm
---
2014/03/21 13:56:17 [error] [exception.CHttpException.404] exception 'CHttpException' with message '无法解析请求 "assets/5506c2ae/kindeditor-min.js"。' in D:\xampp\htdocs\wwwroot\www.yii.local\framework\web\CWebApplication.php:286
Stack trace:
#0 D:\xampp\htdocs\wwwroot\www.yii.local\framework\web\CWebApplication.php(141): CWebApplication->runController('assets/5506c2ae...')
#1 D:\xampp\htdocs\wwwroot\www.yii.local\framework\base\CApplication.php(180): CWebApplication->processRequest()
#2 D:\xampp\htdocs\wwwroot\www.yii.local\index.php(14): CApplication->run()
#3 {main}
REQUEST_URI=/assets/5506c2ae/kindeditor-min.js
HTTP_REFERER=http://www.yii.local/admin/post/update/id/18.htm
---
2014/03/21 13:56:17 [error] [exception.CHttpException.404] exception 'CHttpException' with message '无法解析请求 "assets/5506c2ae/lang/zh_CN.js"。' in D:\xampp\htdocs\wwwroot\www.yii.local\framework\web\CWebApplication.php:286
Stack trace:
#0 D:\xampp\htdocs\wwwroot\www.yii.local\framework\web\CWebApplication.php(141): CWebApplication->runController('assets/5506c2ae...')
#1 D:\xampp\htdocs\wwwroot\www.yii.local\framework\base\CApplication.php(180): CWebApplication->processRequest()
#2 D:\xampp\htdocs\wwwroot\www.yii.local\index.php(14): CApplication->run()
#3 {main}
REQUEST_URI=/assets/5506c2ae/lang/zh_CN.js
HTTP_REFERER=http://www.yii.local/admin/post/update/id/18.htm
---
2014/03/21 13:57:21 [error] [exception.CHttpException.404] exception 'CHttpException' with message '无法解析请求 "cms/uploads/201309/523a380d1d4c0.jpg"。' in D:\xampp\htdocs\wwwroot\www.yii.local\framework\web\CWebApplication.php:286
Stack trace:
#0 D:\xampp\htdocs\wwwroot\www.yii.local\framework\web\CWebApplication.php(141): CWebApplication->runController('cms/uploads/201...')
#1 D:\xampp\htdocs\wwwroot\www.yii.local\framework\base\CApplication.php(180): CWebApplication->processRequest()
#2 D:\xampp\htdocs\wwwroot\www.yii.local\index.php(14): CApplication->run()
#3 {main}
REQUEST_URI=/cms/uploads/201309/523a380d1d4c0.jpg
HTTP_REFERER=http://www.yii.local/admin/special/update/id/2.htm
---
2014/03/21 15:39:00 [error] [system.db.CDbCommand] CDbCommand::execute() failed: SQLSTATE[23000]: Integrity constraint violation: 1062 Duplicate entry 'zjh_admin' for key 'username'. The SQL statement executed was: INSERT INTO `yii_User` (`groupid`, `status`, `username`, `password`, `email`, `addtime`) VALUES (:yp0, :yp1, :yp2, :yp3, :yp4, :yp5).
2014/03/21 15:39:00 [error] [exception.CDbException] exception 'CDbException' with message 'CDbCommand 无法执行 SQL 语句: SQLSTATE[23000]: Integrity constraint violation: 1062 Duplicate entry 'zjh_admin' for key 'username'. The SQL statement executed was: INSERT INTO `yii_User` (`groupid`, `status`, `username`, `password`, `email`, `addtime`) VALUES (:yp0, :yp1, :yp2, :yp3, :yp4, :yp5)' in D:\xampp\htdocs\wwwroot\www.yii.local\framework\db\CDbCommand.php:358
Stack trace:
#0 D:\xampp\htdocs\wwwroot\www.yii.local\framework\db\ar\CActiveRecord.php(1077): CDbCommand->execute()
#1 D:\xampp\htdocs\wwwroot\www.yii.local\framework\db\ar\CActiveRecord.php(806): CActiveRecord->insert(NULL)
#2 D:\xampp\htdocs\wwwroot\www.yii.local\protected\modules\admin\controllers\UserController.php(79): CActiveRecord->save()
#3 D:\xampp\htdocs\wwwroot\www.yii.local\framework\web\actions\CInlineAction.php(49): UserController->actionCreate()
#4 D:\xampp\htdocs\wwwroot\www.yii.local\framework\web\CController.php(308): CInlineAction->runWithParams(Array)
#5 D:\xampp\htdocs\wwwroot\www.yii.local\framework\web\CController.php(286): CController->runAction(Object(CInlineAction))
#6 D:\xampp\htdocs\wwwroot\www.yii.local\framework\web\CController.php(265): CController->runActionWithFilters(Object(CInlineAction), Array)
#7 D:\xampp\htdocs\wwwroot\www.yii.local\framework\web\CWebApplication.php(282): CController->run('create')
#8 D:\xampp\htdocs\wwwroot\www.yii.local\framework\web\CWebApplication.php(141): CWebApplication->runController('admin/user/crea...')
#9 D:\xampp\htdocs\wwwroot\www.yii.local\framework\base\CApplication.php(180): CWebApplication->processRequest()
#10 D:\xampp\htdocs\wwwroot\www.yii.local\index.php(14): CApplication->run()
#11 {main}
REQUEST_URI=/admin/user/create.htm
HTTP_REFERER=http://www.yii.local/admin/user/create.htm
---
2014/03/21 15:46:47 [error] [php] include(XUtils.php): failed to open stream: No such file or directory (D:\xampp\htdocs\wwwroot\www.yii.local\framework\YiiBase.php:427)
Stack trace:
#0 D:\xampp\htdocs\wwwroot\www.yii.local\protected\modules\admin\controllers\UserController.php(184): spl_autoload_call()
#1 D:\xampp\htdocs\wwwroot\www.yii.local\framework\web\actions\CInlineAction.php(49): UserController->actionBatch()
#2 D:\xampp\htdocs\wwwroot\www.yii.local\framework\web\CController.php(308): CInlineAction->runWithParams()
#3 D:\xampp\htdocs\wwwroot\www.yii.local\framework\web\CController.php(286): UserController->runAction()
#4 D:\xampp\htdocs\wwwroot\www.yii.local\framework\web\CController.php(265): UserController->runActionWithFilters()
#5 D:\xampp\htdocs\wwwroot\www.yii.local\framework\web\CWebApplication.php(282): UserController->run()
#6 D:\xampp\htdocs\wwwroot\www.yii.local\framework\web\CWebApplication.php(141): CWebApplication->runController()
#7 D:\xampp\htdocs\wwwroot\www.yii.local\framework\base\CApplication.php(180): CWebApplication->processRequest()
#8 D:\xampp\htdocs\wwwroot\www.yii.local\index.php(14): CWebApplication->run()
REQUEST_URI=/admin/user/batch/command/delete/id/28.htm
2014/03/21 16:21:53 [error] [exception.CException] exception 'CException' with message 'Asset文件 "D:\xampp\htdocs\wwwroot\www.yii.local\framework\zii\widgets\assets" 不存在.' in D:\xampp\htdocs\wwwroot\www.yii.local\framework\web\CAssetManager.php:257
Stack trace:
#0 D:\xampp\htdocs\wwwroot\www.yii.local\framework\zii\widgets\CListView.php(217): CAssetManager->publish('D:\xampp\htdocs...')
#1 D:\xampp\htdocs\wwwroot\www.yii.local\framework\web\CBaseController.php(147): CListView->init()
#2 D:\xampp\htdocs\wwwroot\www.yii.local\framework\web\CBaseController.php(172): CBaseController->createWidget('zii.widgets.CLi...', Array)
#3 D:\xampp\htdocs\wwwroot\www.yii.local\themes\classic\views\user\index.php(17): CBaseController->widget('zii.widgets.CLi...', Array)
#4 D:\xampp\htdocs\wwwroot\www.yii.local\framework\web\CBaseController.php(126): require('D:\xampp\htdocs...')
#5 D:\xampp\htdocs\wwwroot\www.yii.local\framework\web\CBaseController.php(95): CBaseController->renderInternal('D:\xampp\htdocs...', Array, true)
#6 D:\xampp\htdocs\wwwroot\www.yii.local\framework\web\CController.php(869): CBaseController->renderFile('D:\xampp\htdocs...', Array, true)
#7 D:\xampp\htdocs\wwwroot\www.yii.local\framework\web\CController.php(782): CController->renderPartial('index', Array, true)
#8 D:\xampp\htdocs\wwwroot\www.yii.local\protected\controllers\UserController.php(27): CController->render('index', Array)
#9 D:\xampp\htdocs\wwwroot\www.yii.local\framework\web\actions\CInlineAction.php(49): UserController->actionIndex()
#10 D:\xampp\htdocs\wwwroot\www.yii.local\framework\web\CController.php(308): CInlineAction->runWithParams(Array)
#11 D:\xampp\htdocs\wwwroot\www.yii.local\framework\web\CController.php(286): CController->runAction(Object(CInlineAction))
#12 D:\xampp\htdocs\wwwroot\www.yii.local\framework\web\CController.php(265): CController->runActionWithFilters(Object(CInlineAction), Array)
#13 D:\xampp\htdocs\wwwroot\www.yii.local\framework\web\CWebApplication.php(282): CController->run('')
#14 D:\xampp\htdocs\wwwroot\www.yii.local\framework\web\CWebApplication.php(141): CWebApplication->runController('user')
#15 D:\xampp\htdocs\wwwroot\www.yii.local\framework\base\CApplication.php(180): CWebApplication->processRequest()
#16 D:\xampp\htdocs\wwwroot\www.yii.local\index.php(14): CApplication->run()
#17 {main}
REQUEST_URI=/user
---
2014/03/21 16:22:23 [error] [exception.CException] exception 'CException' with message '属性 "User.role" 未被定义.' in D:\xampp\htdocs\wwwroot\www.yii.local\framework\base\CComponent.php:130
Stack trace:
#0 D:\xampp\htdocs\wwwroot\www.yii.local\framework\db\ar\CActiveRecord.php(145): CComponent->__get('role')
#1 D:\xampp\htdocs\wwwroot\www.yii.local\themes\classic\views\user\_view.php(20): CActiveRecord->__get('role')
#2 D:\xampp\htdocs\wwwroot\www.yii.local\framework\web\CBaseController.php(130): require('D:\xampp\htdocs...')
#3 D:\xampp\htdocs\wwwroot\www.yii.local\framework\web\CBaseController.php(95): CBaseController->renderInternal('D:\xampp\htdocs...', Array, false)
#4 D:\xampp\htdocs\wwwroot\www.yii.local\framework\zii\widgets\CListView.php(291): CBaseController->renderFile('D:\xampp\htdocs...', Array)
#5 D:\xampp\htdocs\wwwroot\www.yii.local\framework\zii\widgets\CBaseListView.php(167): CListView->renderItems()
#6 [internal function]: CBaseListView->renderSection(Array)
#7 D:\xampp\htdocs\wwwroot\www.yii.local\framework\zii\widgets\CBaseListView.php(150): preg_replace_callback('/{(\w+)}/', Array, '{summary}?{sort...')
#8 D:\xampp\htdocs\wwwroot\www.yii.local\framework\zii\widgets\CBaseListView.php(135): CBaseListView->renderContent()
#9 D:\xampp\htdocs\wwwroot\www.yii.local\framework\web\CBaseController.php(173): CBaseListView->run()
#10 D:\xampp\htdocs\wwwroot\www.yii.local\themes\classic\views\user\index.php(17): CBaseController->widget('zii.widgets.CLi...', Array)
#11 D:\xampp\htdocs\wwwroot\www.yii.local\framework\web\CBaseController.php(126): require('D:\xampp\htdocs...')
#12 D:\xampp\htdocs\wwwroot\www.yii.local\framework\web\CBaseController.php(95): CBaseController->renderInternal('D:\xampp\htdocs...', Array, true)
#13 D:\xampp\htdocs\wwwroot\www.yii.local\framework\web\CController.php(869): CBaseController->renderFile('D:\xampp\htdocs...', Array, true)
#14 D:\xampp\htdocs\wwwroot\www.yii.local\framework\web\CController.php(782): CController->renderPartial('index', Array, true)
#15 D:\xampp\htdocs\wwwroot\www.yii.local\protected\controllers\UserController.php(27): CController->render('index', Array)
#16 D:\xampp\htdocs\wwwroot\www.yii.local\framework\web\actions\CInlineAction.php(49): UserController->actionIndex()
#17 D:\xampp\htdocs\wwwroot\www.yii.local\framework\web\CController.php(308): CInlineAction->runWithParams(Array)
#18 D:\xampp\htdocs\wwwroot\www.yii.local\framework\web\CController.php(286): CController->runAction(Object(CInlineAction))
#19 D:\xampp\htdocs\wwwroot\www.yii.local\framework\web\CController.php(265): CController->runActionWithFilters(Object(CInlineAction), Array)
#20 D:\xampp\htdocs\wwwroot\www.yii.local\framework\web\CWebApplication.php(282): CController->run('')
#21 D:\xampp\htdocs\wwwroot\www.yii.local\framework\web\CWebApplication.php(141): CWebApplication->runController('user')
#22 D:\xampp\htdocs\wwwroot\www.yii.local\framework\base\CApplication.php(180): CWebApplication->processRequest()
#23 D:\xampp\htdocs\wwwroot\www.yii.local\index.php(14): CApplication->run()
#24 {main}
REQUEST_URI=/user
---
2014/03/21 16:23:09 [error] [exception.CException] exception 'CException' with message '属性 "User.role" 未被定义.' in D:\xampp\htdocs\wwwroot\www.yii.local\framework\base\CComponent.php:130
Stack trace:
#0 D:\xampp\htdocs\wwwroot\www.yii.local\framework\db\ar\CActiveRecord.php(145): CComponent->__get('role')
#1 D:\xampp\htdocs\wwwroot\www.yii.local\themes\classic\views\user\_view.php(20): CActiveRecord->__get('role')
#2 D:\xampp\htdocs\wwwroot\www.yii.local\framework\web\CBaseController.php(130): require('D:\xampp\htdocs...')
#3 D:\xampp\htdocs\wwwroot\www.yii.local\framework\web\CBaseController.php(95): CBaseController->renderInternal('D:\xampp\htdocs...', Array, false)
#4 D:\xampp\htdocs\wwwroot\www.yii.local\framework\zii\widgets\CListView.php(291): CBaseController->renderFile('D:\xampp\htdocs...', Array)
#5 D:\xampp\htdocs\wwwroot\www.yii.local\framework\zii\widgets\CBaseListView.php(167): CListView->renderItems()
#6 [internal function]: CBaseListView->renderSection(Array)
#7 D:\xampp\htdocs\wwwroot\www.yii.local\framework\zii\widgets\CBaseListView.php(150): preg_replace_callback('/{(\w+)}/', Array, '{summary}?{sort...')
#8 D:\xampp\htdocs\wwwroot\www.yii.local\framework\zii\widgets\CBaseListView.php(135): CBaseListView->renderContent()
#9 D:\xampp\htdocs\wwwroot\www.yii.local\framework\web\CBaseController.php(173): CBaseListView->run()
#10 D:\xampp\htdocs\wwwroot\www.yii.local\themes\classic\views\user\index.php(17): CBaseController->widget('zii.widgets.CLi...', Array)
#11 D:\xampp\htdocs\wwwroot\www.yii.local\framework\web\CBaseController.php(126): require('D:\xampp\htdocs...')
#12 D:\xampp\htdocs\wwwroot\www.yii.local\framework\web\CBaseController.php(95): CBaseController->renderInternal('D:\xampp\htdocs...', Array, true)
#13 D:\xampp\htdocs\wwwroot\www.yii.local\framework\web\CController.php(869): CBaseController->renderFile('D:\xampp\htdocs...', Array, true)
#14 D:\xampp\htdocs\wwwroot\www.yii.local\framework\web\CController.php(782): CController->renderPartial('index', Array, true)
#15 D:\xampp\htdocs\wwwroot\www.yii.local\protected\controllers\UserController.php(27): CController->render('index', Array)
#16 D:\xampp\htdocs\wwwroot\www.yii.local\framework\web\actions\CInlineAction.php(49): UserController->actionIndex()
#17 D:\xampp\htdocs\wwwroot\www.yii.local\framework\web\CController.php(308): CInlineAction->runWithParams(Array)
#18 D:\xampp\htdocs\wwwroot\www.yii.local\framework\web\CController.php(286): CController->runAction(Object(CInlineAction))
#19 D:\xampp\htdocs\wwwroot\www.yii.local\framework\web\CController.php(265): CController->runActionWithFilters(Object(CInlineAction), Array)
#20 D:\xampp\htdocs\wwwroot\www.yii.local\framework\web\CWebApplication.php(282): CController->run('')
#21 D:\xampp\htdocs\wwwroot\www.yii.local\framework\web\CWebApplication.php(141): CWebApplication->runController('user')
#22 D:\xampp\htdocs\wwwroot\www.yii.local\framework\base\CApplication.php(180): CWebApplication->processRequest()
#23 D:\xampp\htdocs\wwwroot\www.yii.local\index.php(14): CApplication->run()
#24 {main}
REQUEST_URI=/user
---
2014/03/21 16:23:10 [error] [exception.CException] exception 'CException' with message '属性 "User.role" 未被定义.' in D:\xampp\htdocs\wwwroot\www.yii.local\framework\base\CComponent.php:130
Stack trace:
#0 D:\xampp\htdocs\wwwroot\www.yii.local\framework\db\ar\CActiveRecord.php(145): CComponent->__get('role')
#1 D:\xampp\htdocs\wwwroot\www.yii.local\themes\classic\views\user\_view.php(20): CActiveRecord->__get('role')
#2 D:\xampp\htdocs\wwwroot\www.yii.local\framework\web\CBaseController.php(130): require('D:\xampp\htdocs...')
#3 D:\xampp\htdocs\wwwroot\www.yii.local\framework\web\CBaseController.php(95): CBaseController->renderInternal('D:\xampp\htdocs...', Array, false)
#4 D:\xampp\htdocs\wwwroot\www.yii.local\framework\zii\widgets\CListView.php(291): CBaseController->renderFile('D:\xampp\htdocs...', Array)
#5 D:\xampp\htdocs\wwwroot\www.yii.local\framework\zii\widgets\CBaseListView.php(167): CListView->renderItems()
#6 [internal function]: CBaseListView->renderSection(Array)
#7 D:\xampp\htdocs\wwwroot\www.yii.local\framework\zii\widgets\CBaseListView.php(150): preg_replace_callback('/{(\w+)}/', Array, '{summary}?{sort...')
#8 D:\xampp\htdocs\wwwroot\www.yii.local\framework\zii\widgets\CBaseListView.php(135): CBaseListView->renderContent()
#9 D:\xampp\htdocs\wwwroot\www.yii.local\framework\web\CBaseController.php(173): CBaseListView->run()
#10 D:\xampp\htdocs\wwwroot\www.yii.local\themes\classic\views\user\index.php(17): CBaseController->widget('zii.widgets.CLi...', Array)
#11 D:\xampp\htdocs\wwwroot\www.yii.local\framework\web\CBaseController.php(126): require('D:\xampp\htdocs...')
#12 D:\xampp\htdocs\wwwroot\www.yii.local\framework\web\CBaseController.php(95): CBaseController->renderInternal('D:\xampp\htdocs...', Array, true)
#13 D:\xampp\htdocs\wwwroot\www.yii.local\framework\web\CController.php(869): CBaseController->renderFile('D:\xampp\htdocs...', Array, true)
#14 D:\xampp\htdocs\wwwroot\www.yii.local\framework\web\CController.php(782): CController->renderPartial('index', Array, true)
#15 D:\xampp\htdocs\wwwroot\www.yii.local\protected\controllers\UserController.php(27): CController->render('index', Array)
#16 D:\xampp\htdocs\wwwroot\www.yii.local\framework\web\actions\CInlineAction.php(49): UserController->actionIndex()
#17 D:\xampp\htdocs\wwwroot\www.yii.local\framework\web\CController.php(308): CInlineAction->runWithParams(Array)
#18 D:\xampp\htdocs\wwwroot\www.yii.local\framework\web\CController.php(286): CController->runAction(Object(CInlineAction))
#19 D:\xampp\htdocs\wwwroot\www.yii.local\framework\web\CController.php(265): CController->runActionWithFilters(Object(CInlineAction), Array)
#20 D:\xampp\htdocs\wwwroot\www.yii.local\framework\web\CWebApplication.php(282): CController->run('')
#21 D:\xampp\htdocs\wwwroot\www.yii.local\framework\web\CWebApplication.php(141): CWebApplication->runController('user')
#22 D:\xampp\htdocs\wwwroot\www.yii.local\framework\base\CApplication.php(180): CWebApplication->processRequest()
#23 D:\xampp\htdocs\wwwroot\www.yii.local\index.php(14): CApplication->run()
#24 {main}
REQUEST_URI=/user
---
2014/03/21 16:23:10 [error] [exception.CException] exception 'CException' with message '属性 "User.role" 未被定义.' in D:\xampp\htdocs\wwwroot\www.yii.local\framework\base\CComponent.php:130
Stack trace:
#0 D:\xampp\htdocs\wwwroot\www.yii.local\framework\db\ar\CActiveRecord.php(145): CComponent->__get('role')
#1 D:\xampp\htdocs\wwwroot\www.yii.local\themes\classic\views\user\_view.php(20): CActiveRecord->__get('role')
#2 D:\xampp\htdocs\wwwroot\www.yii.local\framework\web\CBaseController.php(130): require('D:\xampp\htdocs...')
#3 D:\xampp\htdocs\wwwroot\www.yii.local\framework\web\CBaseController.php(95): CBaseController->renderInternal('D:\xampp\htdocs...', Array, false)
#4 D:\xampp\htdocs\wwwroot\www.yii.local\framework\zii\widgets\CListView.php(291): CBaseController->renderFile('D:\xampp\htdocs...', Array)
#5 D:\xampp\htdocs\wwwroot\www.yii.local\framework\zii\widgets\CBaseListView.php(167): CListView->renderItems()
#6 [internal function]: CBaseListView->renderSection(Array)
#7 D:\xampp\htdocs\wwwroot\www.yii.local\framework\zii\widgets\CBaseListView.php(150): preg_replace_callback('/{(\w+)}/', Array, '{summary}?{sort...')
#8 D:\xampp\htdocs\wwwroot\www.yii.local\framework\zii\widgets\CBaseListView.php(135): CBaseListView->renderContent()
#9 D:\xampp\htdocs\wwwroot\www.yii.local\framework\web\CBaseController.php(173): CBaseListView->run()
#10 D:\xampp\htdocs\wwwroot\www.yii.local\themes\classic\views\user\index.php(17): CBaseController->widget('zii.widgets.CLi...', Array)
#11 D:\xampp\htdocs\wwwroot\www.yii.local\framework\web\CBaseController.php(126): require('D:\xampp\htdocs...')
#12 D:\xampp\htdocs\wwwroot\www.yii.local\framework\web\CBaseController.php(95): CBaseController->renderInternal('D:\xampp\htdocs...', Array, true)
#13 D:\xampp\htdocs\wwwroot\www.yii.local\framework\web\CController.php(869): CBaseController->renderFile('D:\xampp\htdocs...', Array, true)
#14 D:\xampp\htdocs\wwwroot\www.yii.local\framework\web\CController.php(782): CController->renderPartial('index', Array, true)
#15 D:\xampp\htdocs\wwwroot\www.yii.local\protected\controllers\UserController.php(27): CController->render('index', Array)
#16 D:\xampp\htdocs\wwwroot\www.yii.local\framework\web\actions\CInlineAction.php(49): UserController->actionIndex()
#17 D:\xampp\htdocs\wwwroot\www.yii.local\framework\web\CController.php(308): CInlineAction->runWithParams(Array)
#18 D:\xampp\htdocs\wwwroot\www.yii.local\framework\web\CController.php(286): CController->runAction(Object(CInlineAction))
#19 D:\xampp\htdocs\wwwroot\www.yii.local\framework\web\CController.php(265): CController->runActionWithFilters(Object(CInlineAction), Array)
#20 D:\xampp\htdocs\wwwroot\www.yii.local\framework\web\CWebApplication.php(282): CController->run('')
#21 D:\xampp\htdocs\wwwroot\www.yii.local\framework\web\CWebApplication.php(141): CWebApplication->runController('user')
#22 D:\xampp\htdocs\wwwroot\www.yii.local\framework\base\CApplication.php(180): CWebApplication->processRequest()
#23 D:\xampp\htdocs\wwwroot\www.yii.local\index.php(14): CApplication->run()
#24 {main}
REQUEST_URI=/user
---
2014/03/21 16:23:10 [error] [exception.CException] exception 'CException' with message '属性 "User.role" 未被定义.' in D:\xampp\htdocs\wwwroot\www.yii.local\framework\base\CComponent.php:130
Stack trace:
#0 D:\xampp\htdocs\wwwroot\www.yii.local\framework\db\ar\CActiveRecord.php(145): CComponent->__get('role')
#1 D:\xampp\htdocs\wwwroot\www.yii.local\themes\classic\views\user\_view.php(20): CActiveRecord->__get('role')
#2 D:\xampp\htdocs\wwwroot\www.yii.local\framework\web\CBaseController.php(130): require('D:\xampp\htdocs...')
#3 D:\xampp\htdocs\wwwroot\www.yii.local\framework\web\CBaseController.php(95): CBaseController->renderInternal('D:\xampp\htdocs...', Array, false)
#4 D:\xampp\htdocs\wwwroot\www.yii.local\framework\zii\widgets\CListView.php(291): CBaseController->renderFile('D:\xampp\htdocs...', Array)
#5 D:\xampp\htdocs\wwwroot\www.yii.local\framework\zii\widgets\CBaseListView.php(167): CListView->renderItems()
#6 [internal function]: CBaseListView->renderSection(Array)
#7 D:\xampp\htdocs\wwwroot\www.yii.local\framework\zii\widgets\CBaseListView.php(150): preg_replace_callback('/{(\w+)}/', Array, '{summary}?{sort...')
#8 D:\xampp\htdocs\wwwroot\www.yii.local\framework\zii\widgets\CBaseListView.php(135): CBaseListView->renderContent()
#9 D:\xampp\htdocs\wwwroot\www.yii.local\framework\web\CBaseController.php(173): CBaseListView->run()
#10 D:\xampp\htdocs\wwwroot\www.yii.local\themes\classic\views\user\index.php(17): CBaseController->widget('zii.widgets.CLi...', Array)
#11 D:\xampp\htdocs\wwwroot\www.yii.local\framework\web\CBaseController.php(126): require('D:\xampp\htdocs...')
#12 D:\xampp\htdocs\wwwroot\www.yii.local\framework\web\CBaseController.php(95): CBaseController->renderInternal('D:\xampp\htdocs...', Array, true)
#13 D:\xampp\htdocs\wwwroot\www.yii.local\framework\web\CController.php(869): CBaseController->renderFile('D:\xampp\htdocs...', Array, true)
#14 D:\xampp\htdocs\wwwroot\www.yii.local\framework\web\CController.php(782): CController->renderPartial('index', Array, true)
#15 D:\xampp\htdocs\wwwroot\www.yii.local\protected\controllers\UserController.php(27): CController->render('index', Array)
#16 D:\xampp\htdocs\wwwroot\www.yii.local\framework\web\actions\CInlineAction.php(49): UserController->actionIndex()
#17 D:\xampp\htdocs\wwwroot\www.yii.local\framework\web\CController.php(308): CInlineAction->runWithParams(Array)
#18 D:\xampp\htdocs\wwwroot\www.yii.local\framework\web\CController.php(286): CController->runAction(Object(CInlineAction))
#19 D:\xampp\htdocs\wwwroot\www.yii.local\framework\web\CController.php(265): CController->runActionWithFilters(Object(CInlineAction), Array)
#20 D:\xampp\htdocs\wwwroot\www.yii.local\framework\web\CWebApplication.php(282): CController->run('')
#21 D:\xampp\htdocs\wwwroot\www.yii.local\framework\web\CWebApplication.php(141): CWebApplication->runController('user')
#22 D:\xampp\htdocs\wwwroot\www.yii.local\framework\base\CApplication.php(180): CWebApplication->processRequest()
#23 D:\xampp\htdocs\wwwroot\www.yii.local\index.php(14): CApplication->run()
#24 {main}
REQUEST_URI=/user
---
2014/03/21 16:23:11 [error] [exception.CException] exception 'CException' with message '属性 "User.role" 未被定义.' in D:\xampp\htdocs\wwwroot\www.yii.local\framework\base\CComponent.php:130
Stack trace:
#0 D:\xampp\htdocs\wwwroot\www.yii.local\framework\db\ar\CActiveRecord.php(145): CComponent->__get('role')
#1 D:\xampp\htdocs\wwwroot\www.yii.local\themes\classic\views\user\_view.php(20): CActiveRecord->__get('role')
#2 D:\xampp\htdocs\wwwroot\www.yii.local\framework\web\CBaseController.php(130): require('D:\xampp\htdocs...')
#3 D:\xampp\htdocs\wwwroot\www.yii.local\framework\web\CBaseController.php(95): CBaseController->renderInternal('D:\xampp\htdocs...', Array, false)
#4 D:\xampp\htdocs\wwwroot\www.yii.local\framework\zii\widgets\CListView.php(291): CBaseController->renderFile('D:\xampp\htdocs...', Array)
#5 D:\xampp\htdocs\wwwroot\www.yii.local\framework\zii\widgets\CBaseListView.php(167): CListView->renderItems()
#6 [internal function]: CBaseListView->renderSection(Array)
#7 D:\xampp\htdocs\wwwroot\www.yii.local\framework\zii\widgets\CBaseListView.php(150): preg_replace_callback('/{(\w+)}/', Array, '{summary}?{sort...')
#8 D:\xampp\htdocs\wwwroot\www.yii.local\framework\zii\widgets\CBaseListView.php(135): CBaseListView->renderContent()
#9 D:\xampp\htdocs\wwwroot\www.yii.local\framework\web\CBaseController.php(173): CBaseListView->run()
#10 D:\xampp\htdocs\wwwroot\www.yii.local\themes\classic\views\user\index.php(17): CBaseController->widget('zii.widgets.CLi...', Array)
#11 D:\xampp\htdocs\wwwroot\www.yii.local\framework\web\CBaseController.php(126): require('D:\xampp\htdocs...')
#12 D:\xampp\htdocs\wwwroot\www.yii.local\framework\web\CBaseController.php(95): CBaseController->renderInternal('D:\xampp\htdocs...', Array, true)
#13 D:\xampp\htdocs\wwwroot\www.yii.local\framework\web\CController.php(869): CBaseController->renderFile('D:\xampp\htdocs...', Array, true)
#14 D:\xampp\htdocs\wwwroot\www.yii.local\framework\web\CController.php(782): CController->renderPartial('index', Array, true)
#15 D:\xampp\htdocs\wwwroot\www.yii.local\protected\controllers\UserController.php(27): CController->render('index', Array)
#16 D:\xampp\htdocs\wwwroot\www.yii.local\framework\web\actions\CInlineAction.php(49): UserController->actionIndex()
#17 D:\xampp\htdocs\wwwroot\www.yii.local\framework\web\CController.php(308): CInlineAction->runWithParams(Array)
#18 D:\xampp\htdocs\wwwroot\www.yii.local\framework\web\CController.php(286): CController->runAction(Object(CInlineAction))
#19 D:\xampp\htdocs\wwwroot\www.yii.local\framework\web\CController.php(265): CController->runActionWithFilters(Object(CInlineAction), Array)
#20 D:\xampp\htdocs\wwwroot\www.yii.local\framework\web\CWebApplication.php(282): CController->run('')
#21 D:\xampp\htdocs\wwwroot\www.yii.local\framework\web\CWebApplication.php(141): CWebApplication->runController('user')
#22 D:\xampp\htdocs\wwwroot\www.yii.local\framework\base\CApplication.php(180): CWebApplication->processRequest()
#23 D:\xampp\htdocs\wwwroot\www.yii.local\index.php(14): CApplication->run()
#24 {main}
REQUEST_URI=/user
---
2014/03/21 16:23:41 [error] [exception.CException] exception 'CException' with message '属性 "User.role" 未被定义.' in D:\xampp\htdocs\wwwroot\www.yii.local\framework\base\CComponent.php:130
Stack trace:
#0 D:\xampp\htdocs\wwwroot\www.yii.local\framework\db\ar\CActiveRecord.php(145): CComponent->__get('role')
#1 D:\xampp\htdocs\wwwroot\www.yii.local\themes\classic\views\user\_view.php(20): CActiveRecord->__get('role')
#2 D:\xampp\htdocs\wwwroot\www.yii.local\framework\web\CBaseController.php(130): require('D:\xampp\htdocs...')
#3 D:\xampp\htdocs\wwwroot\www.yii.local\framework\web\CBaseController.php(95): CBaseController->renderInternal('D:\xampp\htdocs...', Array, false)
#4 D:\xampp\htdocs\wwwroot\www.yii.local\framework\zii\widgets\CListView.php(291): CBaseController->renderFile('D:\xampp\htdocs...', Array)
#5 D:\xampp\htdocs\wwwroot\www.yii.local\framework\zii\widgets\CBaseListView.php(167): CListView->renderItems()
#6 [internal function]: CBaseListView->renderSection(Array)
#7 D:\xampp\htdocs\wwwroot\www.yii.local\framework\zii\widgets\CBaseListView.php(150): preg_replace_callback('/{(\w+)}/', Array, '{summary}?{sort...')
#8 D:\xampp\htdocs\wwwroot\www.yii.local\framework\zii\widgets\CBaseListView.php(135): CBaseListView->renderContent()
#9 D:\xampp\htdocs\wwwroot\www.yii.local\framework\web\CBaseController.php(173): CBaseListView->run()
#10 D:\xampp\htdocs\wwwroot\www.yii.local\themes\classic\views\user\index.php(17): CBaseController->widget('zii.widgets.CLi...', Array)
#11 D:\xampp\htdocs\wwwroot\www.yii.local\framework\web\CBaseController.php(126): require('D:\xampp\htdocs...')
#12 D:\xampp\htdocs\wwwroot\www.yii.local\framework\web\CBaseController.php(95): CBaseController->renderInternal('D:\xampp\htdocs...', Array, true)
#13 D:\xampp\htdocs\wwwroot\www.yii.local\framework\web\CController.php(869): CBaseController->renderFile('D:\xampp\htdocs...', Array, true)
#14 D:\xampp\htdocs\wwwroot\www.yii.local\framework\web\CController.php(782): CController->renderPartial('index', Array, true)
#15 D:\xampp\htdocs\wwwroot\www.yii.local\protected\controllers\UserController.php(27): CController->render('index', Array)
#16 D:\xampp\htdocs\wwwroot\www.yii.local\framework\web\actions\CInlineAction.php(49): UserController->actionIndex()
#17 D:\xampp\htdocs\wwwroot\www.yii.local\framework\web\CController.php(308): CInlineAction->runWithParams(Array)
#18 D:\xampp\htdocs\wwwroot\www.yii.local\framework\web\CController.php(286): CController->runAction(Object(CInlineAction))
#19 D:\xampp\htdocs\wwwroot\www.yii.local\framework\web\CController.php(265): CController->runActionWithFilters(Object(CInlineAction), Array)
#20 D:\xampp\htdocs\wwwroot\www.yii.local\framework\web\CWebApplication.php(282): CController->run('')
#21 D:\xampp\htdocs\wwwroot\www.yii.local\framework\web\CWebApplication.php(141): CWebApplication->runController('user')
#22 D:\xampp\htdocs\wwwroot\www.yii.local\framework\base\CApplication.php(180): CWebApplication->processRequest()
#23 D:\xampp\htdocs\wwwroot\www.yii.local\index.php(14): CApplication->run()
#24 {main}
REQUEST_URI=/user
---
2014/03/21 16:23:42 [error] [exception.CException] exception 'CException' with message '属性 "User.role" 未被定义.' in D:\xampp\htdocs\wwwroot\www.yii.local\framework\base\CComponent.php:130
Stack trace:
#0 D:\xampp\htdocs\wwwroot\www.yii.local\framework\db\ar\CActiveRecord.php(145): CComponent->__get('role')
#1 D:\xampp\htdocs\wwwroot\www.yii.local\themes\classic\views\user\_view.php(20): CActiveRecord->__get('role')
#2 D:\xampp\htdocs\wwwroot\www.yii.local\framework\web\CBaseController.php(130): require('D:\xampp\htdocs...')
#3 D:\xampp\htdocs\wwwroot\www.yii.local\framework\web\CBaseController.php(95): CBaseController->renderInternal('D:\xampp\htdocs...', Array, false)
#4 D:\xampp\htdocs\wwwroot\www.yii.local\framework\zii\widgets\CListView.php(291): CBaseController->renderFile('D:\xampp\htdocs...', Array)
#5 D:\xampp\htdocs\wwwroot\www.yii.local\framework\zii\widgets\CBaseListView.php(167): CListView->renderItems()
#6 [internal function]: CBaseListView->renderSection(Array)
#7 D:\xampp\htdocs\wwwroot\www.yii.local\framework\zii\widgets\CBaseListView.php(150): preg_replace_callback('/{(\w+)}/', Array, '{summary}?{sort...')
#8 D:\xampp\htdocs\wwwroot\www.yii.local\framework\zii\widgets\CBaseListView.php(135): CBaseListView->renderContent()
#9 D:\xampp\htdocs\wwwroot\www.yii.local\framework\web\CBaseController.php(173): CBaseListView->run()
#10 D:\xampp\htdocs\wwwroot\www.yii.local\themes\classic\views\user\index.php(17): CBaseController->widget('zii.widgets.CLi...', Array)
#11 D:\xampp\htdocs\wwwroot\www.yii.local\framework\web\CBaseController.php(126): require('D:\xampp\htdocs...')
#12 D:\xampp\htdocs\wwwroot\www.yii.local\framework\web\CBaseController.php(95): CBaseController->renderInternal('D:\xampp\htdocs...', Array, true)
#13 D:\xampp\htdocs\wwwroot\www.yii.local\framework\web\CController.php(869): CBaseController->renderFile('D:\xampp\htdocs...', Array, true)
#14 D:\xampp\htdocs\wwwroot\www.yii.local\framework\web\CController.php(782): CController->renderPartial('index', Array, true)
#15 D:\xampp\htdocs\wwwroot\www.yii.local\protected\controllers\UserController.php(27): CController->render('index', Array)
#16 D:\xampp\htdocs\wwwroot\www.yii.local\framework\web\actions\CInlineAction.php(49): UserController->actionIndex()
#17 D:\xampp\htdocs\wwwroot\www.yii.local\framework\web\CController.php(308): CInlineAction->runWithParams(Array)
#18 D:\xampp\htdocs\wwwroot\www.yii.local\framework\web\CController.php(286): CController->runAction(Object(CInlineAction))
#19 D:\xampp\htdocs\wwwroot\www.yii.local\framework\web\CController.php(265): CController->runActionWithFilters(Object(CInlineAction), Array)
#20 D:\xampp\htdocs\wwwroot\www.yii.local\framework\web\CWebApplication.php(282): CController->run('')
#21 D:\xampp\htdocs\wwwroot\www.yii.local\framework\web\CWebApplication.php(141): CWebApplication->runController('user')
#22 D:\xampp\htdocs\wwwroot\www.yii.local\framework\base\CApplication.php(180): CWebApplication->processRequest()
#23 D:\xampp\htdocs\wwwroot\www.yii.local\index.php(14): CApplication->run()
#24 {main}
REQUEST_URI=/user
---
2014/03/21 16:23:42 [error] [exception.CException] exception 'CException' with message '属性 "User.role" 未被定义.' in D:\xampp\htdocs\wwwroot\www.yii.local\framework\base\CComponent.php:130
Stack trace:
#0 D:\xampp\htdocs\wwwroot\www.yii.local\framework\db\ar\CActiveRecord.php(145): CComponent->__get('role')
#1 D:\xampp\htdocs\wwwroot\www.yii.local\themes\classic\views\user\_view.php(20): CActiveRecord->__get('role')
#2 D:\xampp\htdocs\wwwroot\www.yii.local\framework\web\CBaseController.php(130): require('D:\xampp\htdocs...')
#3 D:\xampp\htdocs\wwwroot\www.yii.local\framework\web\CBaseController.php(95): CBaseController->renderInternal('D:\xampp\htdocs...', Array, false)
#4 D:\xampp\htdocs\wwwroot\www.yii.local\framework\zii\widgets\CListView.php(291): CBaseController->renderFile('D:\xampp\htdocs...', Array)
#5 D:\xampp\htdocs\wwwroot\www.yii.local\framework\zii\widgets\CBaseListView.php(167): CListView->renderItems()
#6 [internal function]: CBaseListView->renderSection(Array)
#7 D:\xampp\htdocs\wwwroot\www.yii.local\framework\zii\widgets\CBaseListView.php(150): preg_replace_callback('/{(\w+)}/', Array, '{summary}?{sort...')
#8 D:\xampp\htdocs\wwwroot\www.yii.local\framework\zii\widgets\CBaseListView.php(135): CBaseListView->renderContent()
#9 D:\xampp\htdocs\wwwroot\www.yii.local\framework\web\CBaseController.php(173): CBaseListView->run()
#10 D:\xampp\htdocs\wwwroot\www.yii.local\themes\classic\views\user\index.php(17): CBaseController->widget('zii.widgets.CLi...', Array)
#11 D:\xampp\htdocs\wwwroot\www.yii.local\framework\web\CBaseController.php(126): require('D:\xampp\htdocs...')
#12 D:\xampp\htdocs\wwwroot\www.yii.local\framework\web\CBaseController.php(95): CBaseController->renderInternal('D:\xampp\htdocs...', Array, true)
#13 D:\xampp\htdocs\wwwroot\www.yii.local\framework\web\CController.php(869): CBaseController->renderFile('D:\xampp\htdocs...', Array, true)
#14 D:\xampp\htdocs\wwwroot\www.yii.local\framework\web\CController.php(782): CController->renderPartial('index', Array, true)
#15 D:\xampp\htdocs\wwwroot\www.yii.local\protected\controllers\UserController.php(27): CController->render('index', Array)
#16 D:\xampp\htdocs\wwwroot\www.yii.local\framework\web\actions\CInlineAction.php(49): UserController->actionIndex()
#17 D:\xampp\htdocs\wwwroot\www.yii.local\framework\web\CController.php(308): CInlineAction->runWithParams(Array)
#18 D:\xampp\htdocs\wwwroot\www.yii.local\framework\web\CController.php(286): CController->runAction(Object(CInlineAction))
#19 D:\xampp\htdocs\wwwroot\www.yii.local\framework\web\CController.php(265): CController->runActionWithFilters(Object(CInlineAction), Array)
#20 D:\xampp\htdocs\wwwroot\www.yii.local\framework\web\CWebApplication.php(282): CController->run('')
#21 D:\xampp\htdocs\wwwroot\www.yii.local\framework\web\CWebApplication.php(141): CWebApplication->runController('user')
#22 D:\xampp\htdocs\wwwroot\www.yii.local\framework\base\CApplication.php(180): CWebApplication->processRequest()
#23 D:\xampp\htdocs\wwwroot\www.yii.local\index.php(14): CApplication->run()
#24 {main}
REQUEST_URI=/user
---
2014/03/21 16:23:42 [error] [exception.CException] exception 'CException' with message '属性 "User.role" 未被定义.' in D:\xampp\htdocs\wwwroot\www.yii.local\framework\base\CComponent.php:130
Stack trace:
#0 D:\xampp\htdocs\wwwroot\www.yii.local\framework\db\ar\CActiveRecord.php(145): CComponent->__get('role')
#1 D:\xampp\htdocs\wwwroot\www.yii.local\themes\classic\views\user\_view.php(20): CActiveRecord->__get('role')
#2 D:\xampp\htdocs\wwwroot\www.yii.local\framework\web\CBaseController.php(130): require('D:\xampp\htdocs...')
#3 D:\xampp\htdocs\wwwroot\www.yii.local\framework\web\CBaseController.php(95): CBaseController->renderInternal('D:\xampp\htdocs...', Array, false)
#4 D:\xampp\htdocs\wwwroot\www.yii.local\framework\zii\widgets\CListView.php(291): CBaseController->renderFile('D:\xampp\htdocs...', Array)
#5 D:\xampp\htdocs\wwwroot\www.yii.local\framework\zii\widgets\CBaseListView.php(167): CListView->renderItems()
#6 [internal function]: CBaseListView->renderSection(Array)
#7 D:\xampp\htdocs\wwwroot\www.yii.local\framework\zii\widgets\CBaseListView.php(150): preg_replace_callback('/{(\w+)}/', Array, '{summary}?{sort...')
#8 D:\xampp\htdocs\wwwroot\www.yii.local\framework\zii\widgets\CBaseListView.php(135): CBaseListView->renderContent()
#9 D:\xampp\htdocs\wwwroot\www.yii.local\framework\web\CBaseController.php(173): CBaseListView->run()
#10 D:\xampp\htdocs\wwwroot\www.yii.local\themes\classic\views\user\index.php(17): CBaseController->widget('zii.widgets.CLi...', Array)
#11 D:\xampp\htdocs\wwwroot\www.yii.local\framework\web\CBaseController.php(126): require('D:\xampp\htdocs...')
#12 D:\xampp\htdocs\wwwroot\www.yii.local\framework\web\CBaseController.php(95): CBaseController->renderInternal('D:\xampp\htdocs...', Array, true)
#13 D:\xampp\htdocs\wwwroot\www.yii.local\framework\web\CController.php(869): CBaseController->renderFile('D:\xampp\htdocs...', Array, true)
#14 D:\xampp\htdocs\wwwroot\www.yii.local\framework\web\CController.php(782): CController->renderPartial('index', Array, true)
#15 D:\xampp\htdocs\wwwroot\www.yii.local\protected\controllers\UserController.php(27): CController->render('index', Array)
#16 D:\xampp\htdocs\wwwroot\www.yii.local\framework\web\actions\CInlineAction.php(49): UserController->actionIndex()
#17 D:\xampp\htdocs\wwwroot\www.yii.local\framework\web\CController.php(308): CInlineAction->runWithParams(Array)
#18 D:\xampp\htdocs\wwwroot\www.yii.local\framework\web\CController.php(286): CController->runAction(Object(CInlineAction))
#19 D:\xampp\htdocs\wwwroot\www.yii.local\framework\web\CController.php(265): CController->runActionWithFilters(Object(CInlineAction), Array)
#20 D:\xampp\htdocs\wwwroot\www.yii.local\framework\web\CWebApplication.php(282): CController->run('')
#21 D:\xampp\htdocs\wwwroot\www.yii.local\framework\web\CWebApplication.php(141): CWebApplication->runController('user')
#22 D:\xampp\htdocs\wwwroot\www.yii.local\framework\base\CApplication.php(180): CWebApplication->processRequest()
#23 D:\xampp\htdocs\wwwroot\www.yii.local\index.php(14): CApplication->run()
#24 {main}
REQUEST_URI=/user
---
2014/03/21 16:23:43 [error] [exception.CException] exception 'CException' with message '属性 "User.role" 未被定义.' in D:\xampp\htdocs\wwwroot\www.yii.local\framework\base\CComponent.php:130
Stack trace:
#0 D:\xampp\htdocs\wwwroot\www.yii.local\framework\db\ar\CActiveRecord.php(145): CComponent->__get('role')
#1 D:\xampp\htdocs\wwwroot\www.yii.local\themes\classic\views\user\_view.php(20): CActiveRecord->__get('role')
#2 D:\xampp\htdocs\wwwroot\www.yii.local\framework\web\CBaseController.php(130): require('D:\xampp\htdocs...')
#3 D:\xampp\htdocs\wwwroot\www.yii.local\framework\web\CBaseController.php(95): CBaseController->renderInternal('D:\xampp\htdocs...', Array, false)
#4 D:\xampp\htdocs\wwwroot\www.yii.local\framework\zii\widgets\CListView.php(291): CBaseController->renderFile('D:\xampp\htdocs...', Array)
#5 D:\xampp\htdocs\wwwroot\www.yii.local\framework\zii\widgets\CBaseListView.php(167): CListView->renderItems()
#6 [internal function]: CBaseListView->renderSection(Array)
#7 D:\xampp\htdocs\wwwroot\www.yii.local\framework\zii\widgets\CBaseListView.php(150): preg_replace_callback('/{(\w+)}/', Array, '{summary}?{sort...')
#8 D:\xampp\htdocs\wwwroot\www.yii.local\framework\zii\widgets\CBaseListView.php(135): CBaseListView->renderContent()
#9 D:\xampp\htdocs\wwwroot\www.yii.local\framework\web\CBaseController.php(173): CBaseListView->run()
#10 D:\xampp\htdocs\wwwroot\www.yii.local\themes\classic\views\user\index.php(17): CBaseController->widget('zii.widgets.CLi...', Array)
#11 D:\xampp\htdocs\wwwroot\www.yii.local\framework\web\CBaseController.php(126): require('D:\xampp\htdocs...')
#12 D:\xampp\htdocs\wwwroot\www.yii.local\framework\web\CBaseController.php(95): CBaseController->renderInternal('D:\xampp\htdocs...', Array, true)
#13 D:\xampp\htdocs\wwwroot\www.yii.local\framework\web\CController.php(869): CBaseController->renderFile('D:\xampp\htdocs...', Array, true)
#14 D:\xampp\htdocs\wwwroot\www.yii.local\framework\web\CController.php(782): CController->renderPartial('index', Array, true)
#15 D:\xampp\htdocs\wwwroot\www.yii.local\protected\controllers\UserController.php(27): CController->render('index', Array)
#16 D:\xampp\htdocs\wwwroot\www.yii.local\framework\web\actions\CInlineAction.php(49): UserController->actionIndex()
#17 D:\xampp\htdocs\wwwroot\www.yii.local\framework\web\CController.php(308): CInlineAction->runWithParams(Array)
#18 D:\xampp\htdocs\wwwroot\www.yii.local\framework\web\CController.php(286): CController->runAction(Object(CInlineAction))
#19 D:\xampp\htdocs\wwwroot\www.yii.local\framework\web\CController.php(265): CController->runActionWithFilters(Object(CInlineAction), Array)
#20 D:\xampp\htdocs\wwwroot\www.yii.local\framework\web\CWebApplication.php(282): CController->run('')
#21 D:\xampp\htdocs\wwwroot\www.yii.local\framework\web\CWebApplication.php(141): CWebApplication->runController('user')
#22 D:\xampp\htdocs\wwwroot\www.yii.local\framework\base\CApplication.php(180): CWebApplication->processRequest()
#23 D:\xampp\htdocs\wwwroot\www.yii.local\index.php(14): CApplication->run()
#24 {main}
REQUEST_URI=/user
---
2014/03/21 16:23:43 [error] [exception.CException] exception 'CException' with message '属性 "User.role" 未被定义.' in D:\xampp\htdocs\wwwroot\www.yii.local\framework\base\CComponent.php:130
Stack trace:
#0 D:\xampp\htdocs\wwwroot\www.yii.local\framework\db\ar\CActiveRecord.php(145): CComponent->__get('role')
#1 D:\xampp\htdocs\wwwroot\www.yii.local\themes\classic\views\user\_view.php(20): CActiveRecord->__get('role')
#2 D:\xampp\htdocs\wwwroot\www.yii.local\framework\web\CBaseController.php(130): require('D:\xampp\htdocs...')
#3 D:\xampp\htdocs\wwwroot\www.yii.local\framework\web\CBaseController.php(95): CBaseController->renderInternal('D:\xampp\htdocs...', Array, false)
#4 D:\xampp\htdocs\wwwroot\www.yii.local\framework\zii\widgets\CListView.php(291): CBaseController->renderFile('D:\xampp\htdocs...', Array)
#5 D:\xampp\htdocs\wwwroot\www.yii.local\framework\zii\widgets\CBaseListView.php(167): CListView->renderItems()
#6 [internal function]: CBaseListView->renderSection(Array)
#7 D:\xampp\htdocs\wwwroot\www.yii.local\framework\zii\widgets\CBaseListView.php(150): preg_replace_callback('/{(\w+)}/', Array, '{summary}?{sort...')
#8 D:\xampp\htdocs\wwwroot\www.yii.local\framework\zii\widgets\CBaseListView.php(135): CBaseListView->renderContent()
#9 D:\xampp\htdocs\wwwroot\www.yii.local\framework\web\CBaseController.php(173): CBaseListView->run()
#10 D:\xampp\htdocs\wwwroot\www.yii.local\themes\classic\views\user\index.php(17): CBaseController->widget('zii.widgets.CLi...', Array)
#11 D:\xampp\htdocs\wwwroot\www.yii.local\framework\web\CBaseController.php(126): require('D:\xampp\htdocs...')
#12 D:\xampp\htdocs\wwwroot\www.yii.local\framework\web\CBaseController.php(95): CBaseController->renderInternal('D:\xampp\htdocs...', Array, true)
#13 D:\xampp\htdocs\wwwroot\www.yii.local\framework\web\CController.php(869): CBaseController->renderFile('D:\xampp\htdocs...', Array, true)
#14 D:\xampp\htdocs\wwwroot\www.yii.local\framework\web\CController.php(782): CController->renderPartial('index', Array, true)
#15 D:\xampp\htdocs\wwwroot\www.yii.local\protected\controllers\UserController.php(27): CController->render('index', Array)
#16 D:\xampp\htdocs\wwwroot\www.yii.local\framework\web\actions\CInlineAction.php(49): UserController->actionIndex()
#17 D:\xampp\htdocs\wwwroot\www.yii.local\framework\web\CController.php(308): CInlineAction->runWithParams(Array)
#18 D:\xampp\htdocs\wwwroot\www.yii.local\framework\web\CController.php(286): CController->runAction(Object(CInlineAction))
#19 D:\xampp\htdocs\wwwroot\www.yii.local\framework\web\CController.php(265): CController->runActionWithFilters(Object(CInlineAction), Array)
#20 D:\xampp\htdocs\wwwroot\www.yii.local\framework\web\CWebApplication.php(282): CController->run('')
#21 D:\xampp\htdocs\wwwroot\www.yii.local\framework\web\CWebApplication.php(141): CWebApplication->runController('user')
#22 D:\xampp\htdocs\wwwroot\www.yii.local\framework\base\CApplication.php(180): CWebApplication->processRequest()
#23 D:\xampp\htdocs\wwwroot\www.yii.local\index.php(14): CApplication->run()
#24 {main}
REQUEST_URI=/user
---
2014/03/21 16:24:44 [error] [exception.CException] exception 'CException' with message '"dataProvider" 属性不能为空.' in D:\xampp\htdocs\wwwroot\www.yii.local\framework\zii\widgets\CBaseListView.php:109
Stack trace:
#0 D:\xampp\htdocs\wwwroot\www.yii.local\framework\zii\widgets\CListView.php(211): CBaseListView->init()
#1 D:\xampp\htdocs\wwwroot\www.yii.local\framework\web\CBaseController.php(147): CListView->init()
#2 D:\xampp\htdocs\wwwroot\www.yii.local\framework\web\CBaseController.php(172): CBaseController->createWidget('zii.widgets.CLi...', Array)
#3 D:\xampp\htdocs\wwwroot\www.yii.local\themes\classic\views\user\index.php(17): CBaseController->widget('zii.widgets.CLi...', Array)
#4 D:\xampp\htdocs\wwwroot\www.yii.local\framework\web\CBaseController.php(126): require('D:\xampp\htdocs...')
#5 D:\xampp\htdocs\wwwroot\www.yii.local\framework\web\CBaseController.php(95): CBaseController->renderInternal('D:\xampp\htdocs...', NULL, true)
#6 D:\xampp\htdocs\wwwroot\www.yii.local\framework\web\CController.php(869): CBaseController->renderFile('D:\xampp\htdocs...', NULL, true)
#7 D:\xampp\htdocs\wwwroot\www.yii.local\framework\web\CController.php(782): CController->renderPartial('index', NULL, true)
#8 D:\xampp\htdocs\wwwroot\www.yii.local\protected\controllers\UserController.php(25): CController->render('index')
#9 D:\xampp\htdocs\wwwroot\www.yii.local\framework\web\actions\CInlineAction.php(49): UserController->actionIndex()
#10 D:\xampp\htdocs\wwwroot\www.yii.local\framework\web\CController.php(308): CInlineAction->runWithParams(Array)
#11 D:\xampp\htdocs\wwwroot\www.yii.local\framework\web\CController.php(286): CController->runAction(Object(CInlineAction))
#12 D:\xampp\htdocs\wwwroot\www.yii.local\framework\web\CController.php(265): CController->runActionWithFilters(Object(CInlineAction), Array)
#13 D:\xampp\htdocs\wwwroot\www.yii.local\framework\web\CWebApplication.php(282): CController->run('')
#14 D:\xampp\htdocs\wwwroot\www.yii.local\framework\web\CWebApplication.php(141): CWebApplication->runController('user')
#15 D:\xampp\htdocs\wwwroot\www.yii.local\framework\base\CApplication.php(180): CWebApplication->processRequest()
#16 D:\xampp\htdocs\wwwroot\www.yii.local\index.php(14): CApplication->run()
#17 {main}
REQUEST_URI=/user
---
2014/03/21 16:24:55 [error] [exception.CException] exception 'CException' with message '"dataProvider" 属性不能为空.' in D:\xampp\htdocs\wwwroot\www.yii.local\framework\zii\widgets\CBaseListView.php:109
Stack trace:
#0 D:\xampp\htdocs\wwwroot\www.yii.local\framework\zii\widgets\CListView.php(211): CBaseListView->init()
#1 D:\xampp\htdocs\wwwroot\www.yii.local\framework\web\CBaseController.php(147): CListView->init()
#2 D:\xampp\htdocs\wwwroot\www.yii.local\framework\web\CBaseController.php(172): CBaseController->createWidget('zii.widgets.CLi...', Array)
#3 D:\xampp\htdocs\wwwroot\www.yii.local\themes\classic\views\user\index.php(17): CBaseController->widget('zii.widgets.CLi...', Array)
#4 D:\xampp\htdocs\wwwroot\www.yii.local\framework\web\CBaseController.php(126): require('D:\xampp\htdocs...')
#5 D:\xampp\htdocs\wwwroot\www.yii.local\framework\web\CBaseController.php(95): CBaseController->renderInternal('D:\xampp\htdocs...', NULL, true)
#6 D:\xampp\htdocs\wwwroot\www.yii.local\framework\web\CController.php(869): CBaseController->renderFile('D:\xampp\htdocs...', NULL, true)
#7 D:\xampp\htdocs\wwwroot\www.yii.local\framework\web\CController.php(782): CController->renderPartial('index', NULL, true)
#8 D:\xampp\htdocs\wwwroot\www.yii.local\protected\controllers\UserController.php(25): CController->render('index')
#9 D:\xampp\htdocs\wwwroot\www.yii.local\framework\web\actions\CInlineAction.php(49): UserController->actionIndex()
#10 D:\xampp\htdocs\wwwroot\www.yii.local\framework\web\CController.php(308): CInlineAction->runWithParams(Array)
#11 D:\xampp\htdocs\wwwroot\www.yii.local\framework\web\CController.php(286): CController->runAction(Object(CInlineAction))
#12 D:\xampp\htdocs\wwwroot\www.yii.local\framework\web\CController.php(265): CController->runActionWithFilters(Object(CInlineAction), Array)
#13 D:\xampp\htdocs\wwwroot\www.yii.local\framework\web\CWebApplication.php(282): CController->run('')
#14 D:\xampp\htdocs\wwwroot\www.yii.local\framework\web\CWebApplication.php(141): CWebApplication->runController('user')
#15 D:\xampp\htdocs\wwwroot\www.yii.local\framework\base\CApplication.php(180): CWebApplication->processRequest()
#16 D:\xampp\htdocs\wwwroot\www.yii.local\index.php(14): CApplication->run()
#17 {main}
REQUEST_URI=/user
---
2014/03/21 16:24:56 [error] [exception.CException] exception 'CException' with message '"dataProvider" 属性不能为空.' in D:\xampp\htdocs\wwwroot\www.yii.local\framework\zii\widgets\CBaseListView.php:109
Stack trace:
#0 D:\xampp\htdocs\wwwroot\www.yii.local\framework\zii\widgets\CListView.php(211): CBaseListView->init()
#1 D:\xampp\htdocs\wwwroot\www.yii.local\framework\web\CBaseController.php(147): CListView->init()
#2 D:\xampp\htdocs\wwwroot\www.yii.local\framework\web\CBaseController.php(172): CBaseController->createWidget('zii.widgets.CLi...', Array)
#3 D:\xampp\htdocs\wwwroot\www.yii.local\themes\classic\views\user\index.php(17): CBaseController->widget('zii.widgets.CLi...', Array)
#4 D:\xampp\htdocs\wwwroot\www.yii.local\framework\web\CBaseController.php(126): require('D:\xampp\htdocs...')
#5 D:\xampp\htdocs\wwwroot\www.yii.local\framework\web\CBaseController.php(95): CBaseController->renderInternal('D:\xampp\htdocs...', NULL, true)
#6 D:\xampp\htdocs\wwwroot\www.yii.local\framework\web\CController.php(869): CBaseController->renderFile('D:\xampp\htdocs...', NULL, true)
#7 D:\xampp\htdocs\wwwroot\www.yii.local\framework\web\CController.php(782): CController->renderPartial('index', NULL, true)
#8 D:\xampp\htdocs\wwwroot\www.yii.local\protected\controllers\UserController.php(25): CController->render('index')
#9 D:\xampp\htdocs\wwwroot\www.yii.local\framework\web\actions\CInlineAction.php(49): UserController->actionIndex()
#10 D:\xampp\htdocs\wwwroot\www.yii.local\framework\web\CController.php(308): CInlineAction->runWithParams(Array)
#11 D:\xampp\htdocs\wwwroot\www.yii.local\framework\web\CController.php(286): CController->runAction(Object(CInlineAction))
#12 D:\xampp\htdocs\wwwroot\www.yii.local\framework\web\CController.php(265): CController->runActionWithFilters(Object(CInlineAction), Array)
#13 D:\xampp\htdocs\wwwroot\www.yii.local\framework\web\CWebApplication.php(282): CController->run('')
#14 D:\xampp\htdocs\wwwroot\www.yii.local\framework\web\CWebApplication.php(141): CWebApplication->runController('user')
#15 D:\xampp\htdocs\wwwroot\www.yii.local\framework\base\CApplication.php(180): CWebApplication->processRequest()
#16 D:\xampp\htdocs\wwwroot\www.yii.local\index.php(14): CApplication->run()
#17 {main}
REQUEST_URI=/user
---
2014/03/21 16:24:56 [error] [exception.CException] exception 'CException' with message '"dataProvider" 属性不能为空.' in D:\xampp\htdocs\wwwroot\www.yii.local\framework\zii\widgets\CBaseListView.php:109
Stack trace:
#0 D:\xampp\htdocs\wwwroot\www.yii.local\framework\zii\widgets\CListView.php(211): CBaseListView->init()
#1 D:\xampp\htdocs\wwwroot\www.yii.local\framework\web\CBaseController.php(147): CListView->init()
#2 D:\xampp\htdocs\wwwroot\www.yii.local\framework\web\CBaseController.php(172): CBaseController->createWidget('zii.widgets.CLi...', Array)
#3 D:\xampp\htdocs\wwwroot\www.yii.local\themes\classic\views\user\index.php(17): CBaseController->widget('zii.widgets.CLi...', Array)
#4 D:\xampp\htdocs\wwwroot\www.yii.local\framework\web\CBaseController.php(126): require('D:\xampp\htdocs...')
#5 D:\xampp\htdocs\wwwroot\www.yii.local\framework\web\CBaseController.php(95): CBaseController->renderInternal('D:\xampp\htdocs...', NULL, true)
#6 D:\xampp\htdocs\wwwroot\www.yii.local\framework\web\CController.php(869): CBaseController->renderFile('D:\xampp\htdocs...', NULL, true)
#7 D:\xampp\htdocs\wwwroot\www.yii.local\framework\web\CController.php(782): CController->renderPartial('index', NULL, true)
#8 D:\xampp\htdocs\wwwroot\www.yii.local\protected\controllers\UserController.php(25): CController->render('index')
#9 D:\xampp\htdocs\wwwroot\www.yii.local\framework\web\actions\CInlineAction.php(49): UserController->actionIndex()
#10 D:\xampp\htdocs\wwwroot\www.yii.local\framework\web\CController.php(308): CInlineAction->runWithParams(Array)
#11 D:\xampp\htdocs\wwwroot\www.yii.local\framework\web\CController.php(286): CController->runAction(Object(CInlineAction))
#12 D:\xampp\htdocs\wwwroot\www.yii.local\framework\web\CController.php(265): CController->runActionWithFilters(Object(CInlineAction), Array)
#13 D:\xampp\htdocs\wwwroot\www.yii.local\framework\web\CWebApplication.php(282): CController->run('')
#14 D:\xampp\htdocs\wwwroot\www.yii.local\framework\web\CWebApplication.php(141): CWebApplication->runController('user')
#15 D:\xampp\htdocs\wwwroot\www.yii.local\framework\base\CApplication.php(180): CWebApplication->processRequest()
#16 D:\xampp\htdocs\wwwroot\www.yii.local\index.php(14): CApplication->run()
#17 {main}
REQUEST_URI=/user
---
2014/03/21 16:24:56 [error] [exception.CException] exception 'CException' with message '"dataProvider" 属性不能为空.' in D:\xampp\htdocs\wwwroot\www.yii.local\framework\zii\widgets\CBaseListView.php:109
Stack trace:
#0 D:\xampp\htdocs\wwwroot\www.yii.local\framework\zii\widgets\CListView.php(211): CBaseListView->init()
#1 D:\xampp\htdocs\wwwroot\www.yii.local\framework\web\CBaseController.php(147): CListView->init()
#2 D:\xampp\htdocs\wwwroot\www.yii.local\framework\web\CBaseController.php(172): CBaseController->createWidget('zii.widgets.CLi...', Array)
#3 D:\xampp\htdocs\wwwroot\www.yii.local\themes\classic\views\user\index.php(17): CBaseController->widget('zii.widgets.CLi...', Array)
#4 D:\xampp\htdocs\wwwroot\www.yii.local\framework\web\CBaseController.php(126): require('D:\xampp\htdocs...')
#5 D:\xampp\htdocs\wwwroot\www.yii.local\framework\web\CBaseController.php(95): CBaseController->renderInternal('D:\xampp\htdocs...', NULL, true)
#6 D:\xampp\htdocs\wwwroot\www.yii.local\framework\web\CController.php(869): CBaseController->renderFile('D:\xampp\htdocs...', NULL, true)
#7 D:\xampp\htdocs\wwwroot\www.yii.local\framework\web\CController.php(782): CController->renderPartial('index', NULL, true)
#8 D:\xampp\htdocs\wwwroot\www.yii.local\protected\controllers\UserController.php(25): CController->render('index')
#9 D:\xampp\htdocs\wwwroot\www.yii.local\framework\web\actions\CInlineAction.php(49): UserController->actionIndex()
#10 D:\xampp\htdocs\wwwroot\www.yii.local\framework\web\CController.php(308): CInlineAction->runWithParams(Array)
#11 D:\xampp\htdocs\wwwroot\www.yii.local\framework\web\CController.php(286): CController->runAction(Object(CInlineAction))
#12 D:\xampp\htdocs\wwwroot\www.yii.local\framework\web\CController.php(265): CController->runActionWithFilters(Object(CInlineAction), Array)
#13 D:\xampp\htdocs\wwwroot\www.yii.local\framework\web\CWebApplication.php(282): CController->run('')
#14 D:\xampp\htdocs\wwwroot\www.yii.local\framework\web\CWebApplication.php(141): CWebApplication->runController('user')
#15 D:\xampp\htdocs\wwwroot\www.yii.local\framework\base\CApplication.php(180): CWebApplication->processRequest()
#16 D:\xampp\htdocs\wwwroot\www.yii.local\index.php(14): CApplication->run()
#17 {main}
REQUEST_URI=/user
---
2014/03/21 16:24:57 [error] [exception.CException] exception 'CException' with message '"dataProvider" 属性不能为空.' in D:\xampp\htdocs\wwwroot\www.yii.local\framework\zii\widgets\CBaseListView.php:109
Stack trace:
#0 D:\xampp\htdocs\wwwroot\www.yii.local\framework\zii\widgets\CListView.php(211): CBaseListView->init()
#1 D:\xampp\htdocs\wwwroot\www.yii.local\framework\web\CBaseController.php(147): CListView->init()
#2 D:\xampp\htdocs\wwwroot\www.yii.local\framework\web\CBaseController.php(172): CBaseController->createWidget('zii.widgets.CLi...', Array)
#3 D:\xampp\htdocs\wwwroot\www.yii.local\themes\classic\views\user\index.php(17): CBaseController->widget('zii.widgets.CLi...', Array)
#4 D:\xampp\htdocs\wwwroot\www.yii.local\framework\web\CBaseController.php(126): require('D:\xampp\htdocs...')
#5 D:\xampp\htdocs\wwwroot\www.yii.local\framework\web\CBaseController.php(95): CBaseController->renderInternal('D:\xampp\htdocs...', NULL, true)
#6 D:\xampp\htdocs\wwwroot\www.yii.local\framework\web\CController.php(869): CBaseController->renderFile('D:\xampp\htdocs...', NULL, true)
#7 D:\xampp\htdocs\wwwroot\www.yii.local\framework\web\CController.php(782): CController->renderPartial('index', NULL, true)
#8 D:\xampp\htdocs\wwwroot\www.yii.local\protected\controllers\UserController.php(25): CController->render('index')
#9 D:\xampp\htdocs\wwwroot\www.yii.local\framework\web\actions\CInlineAction.php(49): UserController->actionIndex()
#10 D:\xampp\htdocs\wwwroot\www.yii.local\framework\web\CController.php(308): CInlineAction->runWithParams(Array)
#11 D:\xampp\htdocs\wwwroot\www.yii.local\framework\web\CController.php(286): CController->runAction(Object(CInlineAction))
#12 D:\xampp\htdocs\wwwroot\www.yii.local\framework\web\CController.php(265): CController->runActionWithFilters(Object(CInlineAction), Array)
#13 D:\xampp\htdocs\wwwroot\www.yii.local\framework\web\CWebApplication.php(282): CController->run('')
#14 D:\xampp\htdocs\wwwroot\www.yii.local\framework\web\CWebApplication.php(141): CWebApplication->runController('user')
#15 D:\xampp\htdocs\wwwroot\www.yii.local\framework\base\CApplication.php(180): CWebApplication->processRequest()
#16 D:\xampp\htdocs\wwwroot\www.yii.local\index.php(14): CApplication->run()
#17 {main}
REQUEST_URI=/user
---
2014/03/21 16:25:08 [error] [exception.CException] exception 'CException' with message '"dataProvider" 属性不能为空.' in D:\xampp\htdocs\wwwroot\www.yii.local\framework\zii\widgets\CBaseListView.php:109
Stack trace:
#0 D:\xampp\htdocs\wwwroot\www.yii.local\framework\zii\widgets\CListView.php(211): CBaseListView->init()
#1 D:\xampp\htdocs\wwwroot\www.yii.local\framework\web\CBaseController.php(147): CListView->init()
#2 D:\xampp\htdocs\wwwroot\www.yii.local\framework\web\CBaseController.php(172): CBaseController->createWidget('zii.widgets.CLi...', Array)
#3 D:\xampp\htdocs\wwwroot\www.yii.local\themes\classic\views\user\index.php(17): CBaseController->widget('zii.widgets.CLi...', Array)
#4 D:\xampp\htdocs\wwwroot\www.yii.local\framework\web\CBaseController.php(126): require('D:\xampp\htdocs...')
#5 D:\xampp\htdocs\wwwroot\www.yii.local\framework\web\CBaseController.php(95): CBaseController->renderInternal('D:\xampp\htdocs...', NULL, true)
#6 D:\xampp\htdocs\wwwroot\www.yii.local\framework\web\CController.php(869): CBaseController->renderFile('D:\xampp\htdocs...', NULL, true)
#7 D:\xampp\htdocs\wwwroot\www.yii.local\framework\web\CController.php(782): CController->renderPartial('index', NULL, true)
#8 D:\xampp\htdocs\wwwroot\www.yii.local\protected\controllers\UserController.php(25): CController->render('index')
#9 D:\xampp\htdocs\wwwroot\www.yii.local\framework\web\actions\CInlineAction.php(49): UserController->actionIndex()
#10 D:\xampp\htdocs\wwwroot\www.yii.local\framework\web\CController.php(308): CInlineAction->runWithParams(Array)
#11 D:\xampp\htdocs\wwwroot\www.yii.local\framework\web\CController.php(286): CController->runAction(Object(CInlineAction))
#12 D:\xampp\htdocs\wwwroot\www.yii.local\framework\web\CController.php(265): CController->runActionWithFilters(Object(CInlineAction), Array)
#13 D:\xampp\htdocs\wwwroot\www.yii.local\framework\web\CWebApplication.php(282): CController->run('')
#14 D:\xampp\htdocs\wwwroot\www.yii.local\framework\web\CWebApplication.php(141): CWebApplication->runController('user')
#15 D:\xampp\htdocs\wwwroot\www.yii.local\framework\base\CApplication.php(180): CWebApplication->processRequest()
#16 D:\xampp\htdocs\wwwroot\www.yii.local\index.php(14): CApplication->run()
#17 {main}
REQUEST_URI=/user
---
2014/03/21 16:25:08 [error] [exception.CException] exception 'CException' with message '"dataProvider" 属性不能为空.' in D:\xampp\htdocs\wwwroot\www.yii.local\framework\zii\widgets\CBaseListView.php:109
Stack trace:
#0 D:\xampp\htdocs\wwwroot\www.yii.local\framework\zii\widgets\CListView.php(211): CBaseListView->init()
#1 D:\xampp\htdocs\wwwroot\www.yii.local\framework\web\CBaseController.php(147): CListView->init()
#2 D:\xampp\htdocs\wwwroot\www.yii.local\framework\web\CBaseController.php(172): CBaseController->createWidget('zii.widgets.CLi...', Array)
#3 D:\xampp\htdocs\wwwroot\www.yii.local\themes\classic\views\user\index.php(17): CBaseController->widget('zii.widgets.CLi...', Array)
#4 D:\xampp\htdocs\wwwroot\www.yii.local\framework\web\CBaseController.php(126): require('D:\xampp\htdocs...')
#5 D:\xampp\htdocs\wwwroot\www.yii.local\framework\web\CBaseController.php(95): CBaseController->renderInternal('D:\xampp\htdocs...', NULL, true)
#6 D:\xampp\htdocs\wwwroot\www.yii.local\framework\web\CController.php(869): CBaseController->renderFile('D:\xampp\htdocs...', NULL, true)
#7 D:\xampp\htdocs\wwwroot\www.yii.local\framework\web\CController.php(782): CController->renderPartial('index', NULL, true)
#8 D:\xampp\htdocs\wwwroot\www.yii.local\protected\controllers\UserController.php(25): CController->render('index')
#9 D:\xampp\htdocs\wwwroot\www.yii.local\framework\web\actions\CInlineAction.php(49): UserController->actionIndex()
#10 D:\xampp\htdocs\wwwroot\www.yii.local\framework\web\CController.php(308): CInlineAction->runWithParams(Array)
#11 D:\xampp\htdocs\wwwroot\www.yii.local\framework\web\CController.php(286): CController->runAction(Object(CInlineAction))
#12 D:\xampp\htdocs\wwwroot\www.yii.local\framework\web\CController.php(265): CController->runActionWithFilters(Object(CInlineAction), Array)
#13 D:\xampp\htdocs\wwwroot\www.yii.local\framework\web\CWebApplication.php(282): CController->run('')
#14 D:\xampp\htdocs\wwwroot\www.yii.local\framework\web\CWebApplication.php(141): CWebApplication->runController('user')
#15 D:\xampp\htdocs\wwwroot\www.yii.local\framework\base\CApplication.php(180): CWebApplication->processRequest()
#16 D:\xampp\htdocs\wwwroot\www.yii.local\index.php(14): CApplication->run()
#17 {main}
REQUEST_URI=/user
---
2014/03/21 16:25:08 [error] [exception.CException] exception 'CException' with message '"dataProvider" 属性不能为空.' in D:\xampp\htdocs\wwwroot\www.yii.local\framework\zii\widgets\CBaseListView.php:109
Stack trace:
#0 D:\xampp\htdocs\wwwroot\www.yii.local\framework\zii\widgets\CListView.php(211): CBaseListView->init()
#1 D:\xampp\htdocs\wwwroot\www.yii.local\framework\web\CBaseController.php(147): CListView->init()
#2 D:\xampp\htdocs\wwwroot\www.yii.local\framework\web\CBaseController.php(172): CBaseController->createWidget('zii.widgets.CLi...', Array)
#3 D:\xampp\htdocs\wwwroot\www.yii.local\themes\classic\views\user\index.php(17): CBaseController->widget('zii.widgets.CLi...', Array)
#4 D:\xampp\htdocs\wwwroot\www.yii.local\framework\web\CBaseController.php(126): require('D:\xampp\htdocs...')
#5 D:\xampp\htdocs\wwwroot\www.yii.local\framework\web\CBaseController.php(95): CBaseController->renderInternal('D:\xampp\htdocs...', NULL, true)
#6 D:\xampp\htdocs\wwwroot\www.yii.local\framework\web\CController.php(869): CBaseController->renderFile('D:\xampp\htdocs...', NULL, true)
#7 D:\xampp\htdocs\wwwroot\www.yii.local\framework\web\CController.php(782): CController->renderPartial('index', NULL, true)
#8 D:\xampp\htdocs\wwwroot\www.yii.local\protected\controllers\UserController.php(25): CController->render('index')
#9 D:\xampp\htdocs\wwwroot\www.yii.local\framework\web\actions\CInlineAction.php(49): UserController->actionIndex()
#10 D:\xampp\htdocs\wwwroot\www.yii.local\framework\web\CController.php(308): CInlineAction->runWithParams(Array)
#11 D:\xampp\htdocs\wwwroot\www.yii.local\framework\web\CController.php(286): CController->runAction(Object(CInlineAction))
#12 D:\xampp\htdocs\wwwroot\www.yii.local\framework\web\CController.php(265): CController->runActionWithFilters(Object(CInlineAction), Array)
#13 D:\xampp\htdocs\wwwroot\www.yii.local\framework\web\CWebApplication.php(282): CController->run('')
#14 D:\xampp\htdocs\wwwroot\www.yii.local\framework\web\CWebApplication.php(141): CWebApplication->runController('user')
#15 D:\xampp\htdocs\wwwroot\www.yii.local\framework\base\CApplication.php(180): CWebApplication->processRequest()
#16 D:\xampp\htdocs\wwwroot\www.yii.local\index.php(14): CApplication->run()
#17 {main}
REQUEST_URI=/user
---
2014/03/21 16:25:08 [error] [exception.CException] exception 'CException' with message '"dataProvider" 属性不能为空.' in D:\xampp\htdocs\wwwroot\www.yii.local\framework\zii\widgets\CBaseListView.php:109
Stack trace:
#0 D:\xampp\htdocs\wwwroot\www.yii.local\framework\zii\widgets\CListView.php(211): CBaseListView->init()
#1 D:\xampp\htdocs\wwwroot\www.yii.local\framework\web\CBaseController.php(147): CListView->init()
#2 D:\xampp\htdocs\wwwroot\www.yii.local\framework\web\CBaseController.php(172): CBaseController->createWidget('zii.widgets.CLi...', Array)
#3 D:\xampp\htdocs\wwwroot\www.yii.local\themes\classic\views\user\index.php(17): CBaseController->widget('zii.widgets.CLi...', Array)
#4 D:\xampp\htdocs\wwwroot\www.yii.local\framework\web\CBaseController.php(126): require('D:\xampp\htdocs...')
#5 D:\xampp\htdocs\wwwroot\www.yii.local\framework\web\CBaseController.php(95): CBaseController->renderInternal('D:\xampp\htdocs...', NULL, true)
#6 D:\xampp\htdocs\wwwroot\www.yii.local\framework\web\CController.php(869): CBaseController->renderFile('D:\xampp\htdocs...', NULL, true)
#7 D:\xampp\htdocs\wwwroot\www.yii.local\framework\web\CController.php(782): CController->renderPartial('index', NULL, true)
#8 D:\xampp\htdocs\wwwroot\www.yii.local\protected\controllers\UserController.php(25): CController->render('index')
#9 D:\xampp\htdocs\wwwroot\www.yii.local\framework\web\actions\CInlineAction.php(49): UserController->actionIndex()
#10 D:\xampp\htdocs\wwwroot\www.yii.local\framework\web\CController.php(308): CInlineAction->runWithParams(Array)
#11 D:\xampp\htdocs\wwwroot\www.yii.local\framework\web\CController.php(286): CController->runAction(Object(CInlineAction))
#12 D:\xampp\htdocs\wwwroot\www.yii.local\framework\web\CController.php(265): CController->runActionWithFilters(Object(CInlineAction), Array)
#13 D:\xampp\htdocs\wwwroot\www.yii.local\framework\web\CWebApplication.php(282): CController->run('')
#14 D:\xampp\htdocs\wwwroot\www.yii.local\framework\web\CWebApplication.php(141): CWebApplication->runController('user')
#15 D:\xampp\htdocs\wwwroot\www.yii.local\framework\base\CApplication.php(180): CWebApplication->processRequest()
#16 D:\xampp\htdocs\wwwroot\www.yii.local\index.php(14): CApplication->run()
#17 {main}
REQUEST_URI=/user
---
2014/03/21 16:25:09 [error] [exception.CException] exception 'CException' with message '"dataProvider" 属性不能为空.' in D:\xampp\htdocs\wwwroot\www.yii.local\framework\zii\widgets\CBaseListView.php:109
Stack trace:
#0 D:\xampp\htdocs\wwwroot\www.yii.local\framework\zii\widgets\CListView.php(211): CBaseListView->init()
#1 D:\xampp\htdocs\wwwroot\www.yii.local\framework\web\CBaseController.php(147): CListView->init()
#2 D:\xampp\htdocs\wwwroot\www.yii.local\framework\web\CBaseController.php(172): CBaseController->createWidget('zii.widgets.CLi...', Array)
#3 D:\xampp\htdocs\wwwroot\www.yii.local\themes\classic\views\user\index.php(17): CBaseController->widget('zii.widgets.CLi...', Array)
#4 D:\xampp\htdocs\wwwroot\www.yii.local\framework\web\CBaseController.php(126): require('D:\xampp\htdocs...')
#5 D:\xampp\htdocs\wwwroot\www.yii.local\framework\web\CBaseController.php(95): CBaseController->renderInternal('D:\xampp\htdocs...', NULL, true)
#6 D:\xampp\htdocs\wwwroot\www.yii.local\framework\web\CController.php(869): CBaseController->renderFile('D:\xampp\htdocs...', NULL, true)
#7 D:\xampp\htdocs\wwwroot\www.yii.local\framework\web\CController.php(782): CController->renderPartial('index', NULL, true)
#8 D:\xampp\htdocs\wwwroot\www.yii.local\protected\controllers\UserController.php(25): CController->render('index')
#9 D:\xampp\htdocs\wwwroot\www.yii.local\framework\web\actions\CInlineAction.php(49): UserController->actionIndex()
#10 D:\xampp\htdocs\wwwroot\www.yii.local\framework\web\CController.php(308): CInlineAction->runWithParams(Array)
#11 D:\xampp\htdocs\wwwroot\www.yii.local\framework\web\CController.php(286): CController->runAction(Object(CInlineAction))
#12 D:\xampp\htdocs\wwwroot\www.yii.local\framework\web\CController.php(265): CController->runActionWithFilters(Object(CInlineAction), Array)
#13 D:\xampp\htdocs\wwwroot\www.yii.local\framework\web\CWebApplication.php(282): CController->run('')
#14 D:\xampp\htdocs\wwwroot\www.yii.local\framework\web\CWebApplication.php(141): CWebApplication->runController('user')
#15 D:\xampp\htdocs\wwwroot\www.yii.local\framework\base\CApplication.php(180): CWebApplication->processRequest()
#16 D:\xampp\htdocs\wwwroot\www.yii.local\index.php(14): CApplication->run()
#17 {main}
REQUEST_URI=/user
---
2014/03/21 16:25:13 [error] [exception.CException] exception 'CException' with message '"dataProvider" 属性不能为空.' in D:\xampp\htdocs\wwwroot\www.yii.local\framework\zii\widgets\CBaseListView.php:109
Stack trace:
#0 D:\xampp\htdocs\wwwroot\www.yii.local\framework\zii\widgets\CListView.php(211): CBaseListView->init()
#1 D:\xampp\htdocs\wwwroot\www.yii.local\framework\web\CBaseController.php(147): CListView->init()
#2 D:\xampp\htdocs\wwwroot\www.yii.local\framework\web\CBaseController.php(172): CBaseController->createWidget('zii.widgets.CLi...', Array)
#3 D:\xampp\htdocs\wwwroot\www.yii.local\themes\classic\views\user\index.php(17): CBaseController->widget('zii.widgets.CLi...', Array)
#4 D:\xampp\htdocs\wwwroot\www.yii.local\framework\web\CBaseController.php(126): require('D:\xampp\htdocs...')
#5 D:\xampp\htdocs\wwwroot\www.yii.local\framework\web\CBaseController.php(95): CBaseController->renderInternal('D:\xampp\htdocs...', NULL, true)
#6 D:\xampp\htdocs\wwwroot\www.yii.local\framework\web\CController.php(869): CBaseController->renderFile('D:\xampp\htdocs...', NULL, true)
#7 D:\xampp\htdocs\wwwroot\www.yii.local\framework\web\CController.php(782): CController->renderPartial('index', NULL, true)
#8 D:\xampp\htdocs\wwwroot\www.yii.local\protected\controllers\UserController.php(25): CController->render('index')
#9 D:\xampp\htdocs\wwwroot\www.yii.local\framework\web\actions\CInlineAction.php(49): UserController->actionIndex()
#10 D:\xampp\htdocs\wwwroot\www.yii.local\framework\web\CController.php(308): CInlineAction->runWithParams(Array)
#11 D:\xampp\htdocs\wwwroot\www.yii.local\framework\web\CController.php(286): CController->runAction(Object(CInlineAction))
#12 D:\xampp\htdocs\wwwroot\www.yii.local\framework\web\CController.php(265): CController->runActionWithFilters(Object(CInlineAction), Array)
#13 D:\xampp\htdocs\wwwroot\www.yii.local\framework\web\CWebApplication.php(282): CController->run('index')
#14 D:\xampp\htdocs\wwwroot\www.yii.local\framework\web\CWebApplication.php(141): CWebApplication->runController('user/index')
#15 D:\xampp\htdocs\wwwroot\www.yii.local\framework\base\CApplication.php(180): CWebApplication->processRequest()
#16 D:\xampp\htdocs\wwwroot\www.yii.local\index.php(14): CApplication->run()
#17 {main}
REQUEST_URI=/user/index
---
